2022-05-26 12:01:31 INFO  Log:22 - Open Browser :chrome
2022-05-26 12:01:31 INFO  Log:22 - browser maximised
2022-05-26 12:01:43 INFO  Log:22 - getting url :http://automationpractice.com/index.php
2022-05-26 12:02:26 INFO  Log:22 - Open Browser :chrome
2022-05-26 12:02:26 INFO  Log:22 - browser maximised
2022-05-26 12:02:38 INFO  Log:22 - getting url :http://automationpractice.com/index.php
2022-05-26 12:02:38 INFO  Log:11 - =====================================endtoEnd TEST START=========================================
2022-05-26 12:02:41 INFO  Log:22 - searching product t-shirt
2022-05-26 12:02:46 INFO  Log:22 - click on item
2022-05-26 12:03:07 INFO  Log:22 - product added to cart
2022-05-26 12:03:31 INFO  Log:22 - Open Browser :chrome
2022-05-26 12:03:32 INFO  Log:22 - browser maximised
2022-05-26 12:03:44 INFO  Log:22 - getting url :http://automationpractice.com/index.php
2022-05-26 12:03:44 INFO  Log:11 - =====================================endtoEnd TEST START=========================================
2022-05-26 12:03:50 INFO  Log:22 - searching product t-shirt
2022-05-26 12:03:53 INFO  Log:22 - click on item
2022-05-26 12:03:58 INFO  Log:22 - product added to cart
2022-05-26 12:04:13 INFO  Log:22 - clicked on order confirmation
2022-05-26 12:04:13 INFO  Log:15 - =====================================endToEnd TEST END=========================================
2022-05-28 10:53:24 INFO  Log:22 - Open Browser :chrome
2022-05-28 10:53:24 INFO  Log:22 - browser maximised
2022-05-28 10:53:32 INFO  Log:22 - getting url :http://automationpractice.com/index.php
2022-05-28 10:53:32 INFO  Log:11 - =====================================endtoEnd TEST START=========================================
2022-05-28 10:53:34 INFO  Log:22 - searching product t-shirt
2022-05-28 10:53:38 INFO  Log:22 - click on item
2022-05-28 10:53:44 INFO  Log:22 - product added to cart
2022-05-28 10:54:05 INFO  Log:22 - clicked on order confirmation
2022-05-28 10:54:05 INFO  Log:15 - =====================================endToEnd TEST END=========================================
2022-05-28 11:02:15 INFO  Log:22 - Open Browser :chrome
2022-05-28 11:02:15 INFO  Log:22 - browser maximised
2022-05-28 11:02:29 INFO  Log:22 - getting url :http://automationpractice.com/index.php
2022-05-28 11:02:40 INFO  Log:22 - Open Browser :chrome
2022-05-28 11:02:40 INFO  Log:22 - browser maximised
2022-05-28 11:02:50 INFO  Log:22 - getting url :http://automationpractice.com/index.php
2022-05-28 11:02:50 INFO  Log:11 - =====================================endtoEnd TEST START=========================================
2022-05-28 11:02:54 INFO  Log:22 - searching product t-shirt
2022-05-28 11:02:57 INFO  Log:22 - click on item
2022-05-28 11:03:03 INFO  Log:22 - product added to cart
2022-05-28 11:03:19 INFO  Log:22 - clicked on order confirmation
2022-05-28 11:03:19 INFO  Log:15 - =====================================endToEnd TEST END=========================================
2022-05-28 11:03:21 INFO  Log:22 - Open Browser :chrome
2022-05-28 11:03:21 INFO  Log:22 - browser maximised
2022-05-28 11:03:30 INFO  Log:22 - getting url :http://automationpractice.com/index.php
2022-05-28 11:03:37 INFO  Log:22 - Open Browser :chrome
2022-05-28 11:03:37 INFO  Log:22 - browser maximised
2022-05-28 11:03:48 INFO  Log:22 - getting url :http://automationpractice.com/index.php
2022-05-28 11:03:52 INFO  Log:22 - Open Browser :chrome
2022-05-28 11:03:52 INFO  Log:22 - browser maximised
2022-05-28 11:04:02 INFO  Log:22 - getting url :http://automationpractice.com/index.php
2022-05-28 11:04:04 INFO  Log:22 - Open Browser :chrome
2022-05-28 11:04:04 INFO  Log:22 - browser maximised
2022-05-28 11:04:14 INFO  Log:22 - getting url :http://automationpractice.com/index.php
2022-05-28 11:04:18 INFO  Log:22 - Open Browser :chrome
2022-05-28 11:04:18 INFO  Log:22 - browser maximised
2022-05-28 11:04:31 INFO  Log:22 - getting url :http://automationpractice.com/index.php
2022-05-28 11:04:38 INFO  Log:22 - Open Browser :chrome
2022-05-28 11:04:38 INFO  Log:22 - browser maximised
2022-05-28 11:04:48 INFO  Log:22 - getting url :http://automationpractice.com/index.php
2022-05-28 11:05:02 INFO  Log:22 - Open Browser :chrome
2022-05-28 11:05:03 INFO  Log:22 - browser maximised
2022-05-28 11:05:13 INFO  Log:22 - getting url :http://automationpractice.com/index.php
2022-05-28 11:52:00 INFO  Log:22 - Open Browser :chrome
2022-05-28 11:52:00 INFO  Log:22 - browser maximised
2022-05-28 11:52:08 INFO  Log:22 - getting url :http://automationpractice.com/index.php
2022-05-28 11:52:08 INFO  Log:11 - =====================================endtoEnd TEST START=========================================
2022-05-28 11:52:10 INFO  Log:22 - searching product t-shirt
2022-05-28 11:52:13 INFO  Log:22 - click on item
2022-05-28 11:52:19 INFO  Log:22 - product added to cart
2022-05-28 11:52:35 INFO  Log:22 - clicked on order confirmation
2022-05-28 11:52:35 INFO  Log:15 - =====================================endToEnd TEST END=========================================
2022-05-28 11:52:37 INFO  Log:22 - Open Browser :chrome
2022-05-28 11:52:37 INFO  Log:22 - browser maximised
2022-05-28 11:52:47 INFO  Log:22 - getting url :http://automationpractice.com/index.php
2022-05-28 11:57:49 INFO  Log:22 - Open Browser :chrome
2022-05-28 11:57:49 INFO  Log:22 - browser maximised
2022-05-28 11:57:59 INFO  Log:22 - getting url :http://automationpractice.com/index.php
2022-05-28 11:57:59 INFO  Log:11 - =====================================endtoEnd TEST START=========================================
2022-05-28 11:58:02 INFO  Log:22 - searching product t-shirt
2022-05-28 11:58:06 INFO  Log:22 - click on item
2022-05-28 11:58:13 INFO  Log:22 - product added to cart
2022-05-28 11:58:31 INFO  Log:22 - clicked on order confirmation
2022-05-28 11:58:31 INFO  Log:15 - =====================================endToEnd TEST END=========================================
2022-05-28 11:58:33 INFO  Log:22 - Open Browser :chrome
2022-05-28 11:58:33 INFO  Log:22 - browser maximised
2022-05-28 11:58:42 INFO  Log:22 - getting url :http://automationpractice.com/index.php
2022-05-28 11:59:24 INFO  Log:22 - Open Browser :chrome
2022-05-28 11:59:24 INFO  Log:22 - browser maximised
2022-05-28 11:59:33 INFO  Log:22 - getting url :http://automationpractice.com/index.php
2022-05-28 11:59:33 INFO  Log:11 - =====================================endtoEnd TEST START=========================================
2022-05-28 11:59:36 INFO  Log:22 - searching product t-shirt
2022-05-28 11:59:40 INFO  Log:22 - click on item
2022-05-28 11:59:50 INFO  Log:22 - product added to cart
2022-05-28 12:00:09 INFO  Log:22 - clicked on order confirmation
2022-05-28 12:00:09 INFO  Log:15 - =====================================endToEnd TEST END=========================================
2022-05-28 12:00:11 INFO  Log:22 - Open Browser :chrome
2022-05-28 12:00:11 INFO  Log:22 - browser maximised
2022-05-28 12:00:21 INFO  Log:22 - getting url :http://automationpractice.com/index.php
2022-05-28 12:04:10 INFO  Log:22 - Open Browser :chrome
2022-05-28 12:04:11 INFO  Log:22 - browser maximised
2022-05-28 12:04:20 INFO  Log:22 - getting url :http://automationpractice.com/index.php
2022-05-28 12:04:34 INFO  Log:22 - Open Browser :chrome
2022-05-28 12:04:34 INFO  Log:22 - browser maximised
2022-05-28 12:04:42 INFO  Log:22 - getting url :http://automationpractice.com/index.php
2022-05-28 12:04:46 INFO  Log:22 - Open Browser :chrome
2022-05-28 12:04:46 INFO  Log:22 - browser maximised
2022-05-28 12:04:57 INFO  Log:22 - getting url :http://automationpractice.com/index.php
2022-05-28 12:05:01 INFO  Log:22 - Open Browser :chrome
2022-05-28 12:05:01 INFO  Log:22 - browser maximised
2022-05-28 12:05:12 INFO  Log:22 - getting url :http://automationpractice.com/index.php
2022-05-28 12:05:18 INFO  Log:22 - Open Browser :chrome
2022-05-28 12:05:18 INFO  Log:22 - browser maximised
2022-05-28 12:05:27 INFO  Log:22 - getting url :http://automationpractice.com/index.php
2022-05-28 12:05:36 INFO  Log:22 - Open Browser :chrome
2022-05-28 12:05:36 INFO  Log:22 - browser maximised
2022-05-28 12:05:46 INFO  Log:22 - getting url :http://automationpractice.com/index.php
2022-05-28 12:12:02 INFO  Log:22 - Open Browser :chrome
2022-05-28 12:12:02 INFO  Log:22 - browser maximised
2022-05-28 12:12:13 INFO  Log:22 - getting url :http://automationpractice.com/index.php
2022-05-28 12:12:15 INFO  Log:22 - Open Browser :chrome
2022-05-28 12:12:15 INFO  Log:22 - browser maximised
2022-05-28 12:12:26 INFO  Log:22 - getting url :http://automationpractice.com/index.php
2022-05-28 12:13:38 INFO  Log:22 - Open Browser :IE
2022-05-28 12:13:38 INFO  Log:22 - browser maximised
2022-05-28 12:13:38 INFO  Log:22 - Open Browser :chrome
2022-05-28 12:13:38 INFO  Log:22 - browser maximised
2022-05-28 12:14:00 INFO  Log:22 - Open Browser :firefox
2022-05-28 12:14:01 INFO  Log:22 - browser maximised
2022-05-28 12:14:07 INFO  Log:22 - getting url :http://automationpractice.com/index.php
2022-05-28 12:14:21 INFO  Log:22 - Open Browser :chrome
2022-05-28 12:14:21 INFO  Log:22 - browser maximised
2022-05-28 12:14:43 INFO  Log:22 - getting url :http://automationpractice.com/index.php
2022-05-28 12:21:21 INFO  Log:22 - Open Browser :IE
2022-05-28 12:21:21 INFO  Log:22 - browser maximised
2022-05-28 12:21:24 INFO  Log:22 - Open Browser :chrome
2022-05-28 12:21:24 INFO  Log:22 - browser maximised
2022-05-28 12:21:29 INFO  Log:22 - getting url :http://automationpractice.com/index.php
2022-05-28 12:21:39 INFO  Log:22 - getting url :http://automationpractice.com/index.php
2022-05-28 12:21:42 INFO  Log:22 - Open Browser :firefox
2022-05-28 12:21:42 INFO  Log:22 - browser maximised
2022-05-28 12:21:47 INFO  Log:22 - Open Browser :chrome
2022-05-28 12:21:47 INFO  Log:22 - browser maximised
2022-05-28 12:21:49 INFO  Log:22 - Open Browser :IE
2022-05-28 12:21:49 INFO  Log:22 - browser maximised
2022-05-28 12:21:59 INFO  Log:22 - getting url :http://automationpractice.com/index.php
2022-05-28 12:22:06 INFO  Log:22 - getting url :http://automationpractice.com/index.php
2022-05-28 12:22:13 INFO  Log:22 - getting url :http://automationpractice.com/index.php
2022-05-28 12:22:22 INFO  Log:22 - Open Browser :firefox
2022-05-28 12:22:22 INFO  Log:22 - browser maximised
2022-05-28 12:22:30 INFO  Log:22 - getting url :http://automationpractice.com/index.php
2022-05-28 12:23:34 INFO  Log:22 - Open Browser :IE
2022-05-28 12:23:34 INFO  Log:22 - browser maximised
2022-05-28 12:23:37 INFO  Log:22 - Open Browser :chrome
2022-05-28 12:23:37 INFO  Log:22 - browser maximised
2022-05-28 12:23:42 INFO  Log:22 - getting url :http://automationpractice.com/index.php
2022-05-28 12:23:46 INFO  Log:22 - Open Browser :firefox
2022-05-28 12:23:46 INFO  Log:22 - browser maximised
2022-05-28 12:23:55 INFO  Log:22 - getting url :http://automationpractice.com/index.php
2022-05-28 12:24:00 INFO  Log:22 - getting url :http://automationpractice.com/index.php
2022-05-28 12:24:01 INFO  Log:22 - Open Browser :IE
2022-05-28 12:24:01 INFO  Log:22 - browser maximised
2022-05-28 12:24:08 INFO  Log:22 - Open Browser :chrome
2022-05-28 12:24:08 INFO  Log:22 - browser maximised
2022-05-28 12:24:13 INFO  Log:22 - getting url :http://automationpractice.com/index.php
2022-05-28 12:24:23 INFO  Log:22 - getting url :http://automationpractice.com/index.php
2022-05-28 12:24:23 INFO  Log:22 - Open Browser :firefox
2022-05-28 12:24:23 INFO  Log:22 - browser maximised
2022-05-28 12:24:33 INFO  Log:22 - getting url :http://automationpractice.com/index.php
2022-05-28 16:00:21 INFO  Log:22 - Open Browser :chrome
2022-05-28 16:00:21 INFO  Log:22 - browser maximised
2022-05-28 16:00:26 INFO  Log:22 - getting url :http://automationpractice.com/index.php
2022-05-28 16:00:31 INFO  Log:22 - Open Browser :chrome
2022-05-28 16:00:31 INFO  Log:22 - browser maximised
2022-05-28 16:00:35 INFO  Log:22 - getting url :http://automationpractice.com/index.php
2022-05-28 16:00:41 INFO  Log:22 - Open Browser :chrome
2022-05-28 16:00:41 INFO  Log:22 - browser maximised
2022-05-28 16:00:43 INFO  Log:22 - getting url :http://automationpractice.com/index.php
2022-05-28 16:02:48 INFO  Log:22 - Open Browser :chrome
2022-05-28 16:02:48 INFO  Log:22 - browser maximised
2022-05-28 16:03:07 INFO  Log:22 - getting url :http://automationpractice.com/index.php
2022-05-28 16:04:00 INFO  Log:22 - Open Browser :chrome
2022-05-28 16:04:00 INFO  Log:22 - browser maximised
2022-05-28 16:04:20 INFO  Log:22 - getting url :http://automationpractice.com/index.php
2022-05-28 16:04:50 INFO  Log:22 - Open Browser :chrome
2022-05-28 16:04:50 INFO  Log:22 - browser maximised
2022-05-28 16:04:51 INFO  Log:22 - getting url :http://automationpractice.com/index.php
2022-05-30 11:07:22 INFO  Log:22 - Open Browser :chrome
2022-05-30 11:07:22 INFO  Log:22 - browser maximised
2022-05-30 11:07:40 INFO  Log:22 - getting url :http://automationpractice.com/index.php
2022-05-30 11:07:49 INFO  Log:22 - Open Browser :chrome
2022-05-30 11:07:49 INFO  Log:22 - browser maximised
2022-05-30 11:08:06 INFO  Log:22 - getting url :http://automationpractice.com/index.php
2022-05-30 11:08:06 INFO  Log:11 - =====================================endtoEnd TEST START=========================================
2022-05-30 11:08:09 INFO  Log:22 - searching product t-shirt
2022-05-30 11:08:16 INFO  Log:22 - click on item
2022-05-30 11:08:21 INFO  Log:22 - product added to cart
2022-05-30 11:08:41 INFO  Log:22 - clicked on order confirmation
2022-05-30 11:08:41 INFO  Log:15 - =====================================endToEnd TEST END=========================================
2022-05-30 11:08:43 INFO  Log:22 - Open Browser :chrome
2022-05-30 11:08:43 INFO  Log:22 - browser maximised
2022-05-30 11:08:55 INFO  Log:22 - getting url :http://automationpractice.com/index.php
2022-05-30 11:09:04 INFO  Log:22 - Open Browser :chrome
2022-05-30 11:09:04 INFO  Log:22 - browser maximised
2022-05-30 11:09:16 INFO  Log:22 - getting url :http://automationpractice.com/index.php
2022-05-30 11:09:18 INFO  Log:22 - Open Browser :chrome
2022-05-30 11:09:19 INFO  Log:22 - browser maximised
2022-05-30 11:09:29 INFO  Log:22 - getting url :http://automationpractice.com/index.php
2022-05-30 11:09:33 INFO  Log:22 - Open Browser :chrome
2022-05-30 11:09:33 INFO  Log:22 - browser maximised
2022-05-30 11:09:45 INFO  Log:22 - getting url :http://automationpractice.com/index.php
2022-05-30 11:09:50 INFO  Log:22 - Open Browser :chrome
2022-05-30 11:09:50 INFO  Log:22 - browser maximised
2022-05-30 11:10:02 INFO  Log:22 - getting url :http://automationpractice.com/index.php
2022-05-30 11:10:13 INFO  Log:22 - Open Browser :chrome
2022-05-30 11:10:13 INFO  Log:22 - browser maximised
2022-05-30 11:10:27 INFO  Log:22 - getting url :http://automationpractice.com/index.php
2022-05-30 11:10:52 INFO  Log:22 - Open Browser :chrome
2022-05-30 11:10:52 INFO  Log:22 - browser maximised
2022-05-30 11:11:03 INFO  Log:22 - getting url :http://automationpractice.com/index.php
2022-05-30 11:11:16 DEBUG cache:45 - Couldn't find template in cache for "spark/spark.spa.ftl"("en_US", UTF-8, parsed); will try to load it.
2022-05-30 11:11:16 DEBUG cache:45 - TemplateLoader.findTemplateSource("spark/spark.spa_en_US.ftl"): Not found
2022-05-30 11:11:16 DEBUG cache:45 - TemplateLoader.findTemplateSource("spark/spark.spa_en.ftl"): Not found
2022-05-30 11:11:16 DEBUG cache:45 - TemplateLoader.findTemplateSource("spark/spark.spa.ftl"): Found
2022-05-30 11:11:16 DEBUG cache:45 - Loading template for "spark/spark.spa.ftl"("en_US", UTF-8, parsed) from "jar:file:/C:/Users/User/.m2/repository/com/aventstack/extentreports/5.0.9/extentreports-5.0.9.jar!/com/aventstack/extentreports/templates/spark/spark.spa.ftl"
2022-05-30 11:11:16 DEBUG cache:45 - Couldn't find template in cache for "commons/commons-variables.ftl"("en_US", UTF-8, parsed); will try to load it.
2022-05-30 11:11:16 DEBUG cache:45 - TemplateLoader.findTemplateSource("commons/commons-variables_en_US.ftl"): Not found
2022-05-30 11:11:16 DEBUG cache:45 - TemplateLoader.findTemplateSource("commons/commons-variables_en.ftl"): Not found
2022-05-30 11:11:16 DEBUG cache:45 - TemplateLoader.findTemplateSource("commons/commons-variables.ftl"): Found
2022-05-30 11:11:16 DEBUG cache:45 - Loading template for "commons/commons-variables.ftl"("en_US", UTF-8, parsed) from "jar:file:/C:/Users/User/.m2/repository/com/aventstack/extentreports/5.0.9/extentreports-5.0.9.jar!/com/aventstack/extentreports/templates/commons/commons-variables.ftl"
2022-05-30 11:11:16 DEBUG cache:45 - Couldn't find template in cache for "commons/commons-macros.ftl"("en_US", UTF-8, parsed); will try to load it.
2022-05-30 11:11:16 DEBUG cache:45 - TemplateLoader.findTemplateSource("commons/commons-macros_en_US.ftl"): Not found
2022-05-30 11:11:16 DEBUG cache:45 - TemplateLoader.findTemplateSource("commons/commons-macros_en.ftl"): Not found
2022-05-30 11:11:16 DEBUG cache:45 - TemplateLoader.findTemplateSource("commons/commons-macros.ftl"): Found
2022-05-30 11:11:16 DEBUG cache:45 - Loading template for "commons/commons-macros.ftl"("en_US", UTF-8, parsed) from "jar:file:/C:/Users/User/.m2/repository/com/aventstack/extentreports/5.0.9/extentreports-5.0.9.jar!/com/aventstack/extentreports/templates/commons/commons-macros.ftl"
2022-05-30 11:11:16 DEBUG cache:45 - Couldn't find template in cache for "spark/macros/attributes.ftl"("en_US", UTF-8, parsed); will try to load it.
2022-05-30 11:11:16 DEBUG cache:45 - TemplateLoader.findTemplateSource("spark/macros/attributes_en_US.ftl"): Not found
2022-05-30 11:11:16 DEBUG cache:45 - TemplateLoader.findTemplateSource("spark/macros/attributes_en.ftl"): Not found
2022-05-30 11:11:16 DEBUG cache:45 - TemplateLoader.findTemplateSource("spark/macros/attributes.ftl"): Found
2022-05-30 11:11:16 DEBUG cache:45 - Loading template for "spark/macros/attributes.ftl"("en_US", UTF-8, parsed) from "jar:file:/C:/Users/User/.m2/repository/com/aventstack/extentreports/5.0.9/extentreports-5.0.9.jar!/com/aventstack/extentreports/templates/spark/macros/attributes.ftl"
2022-05-30 11:11:16 DEBUG cache:45 - Couldn't find template in cache for "spark/macros/log.ftl"("en_US", UTF-8, parsed); will try to load it.
2022-05-30 11:11:16 DEBUG cache:45 - TemplateLoader.findTemplateSource("spark/macros/log_en_US.ftl"): Not found
2022-05-30 11:11:16 DEBUG cache:45 - TemplateLoader.findTemplateSource("spark/macros/log_en.ftl"): Not found
2022-05-30 11:11:16 DEBUG cache:45 - TemplateLoader.findTemplateSource("spark/macros/log.ftl"): Found
2022-05-30 11:11:16 DEBUG cache:45 - Loading template for "spark/macros/log.ftl"("en_US", UTF-8, parsed) from "jar:file:/C:/Users/User/.m2/repository/com/aventstack/extentreports/5.0.9/extentreports-5.0.9.jar!/com/aventstack/extentreports/templates/spark/macros/log.ftl"
2022-05-30 11:11:16 DEBUG cache:45 - Couldn't find template in cache for "spark/macros/recurse_nodes.ftl"("en_US", UTF-8, parsed); will try to load it.
2022-05-30 11:11:16 DEBUG cache:45 - TemplateLoader.findTemplateSource("spark/macros/recurse_nodes_en_US.ftl"): Not found
2022-05-30 11:11:16 DEBUG cache:45 - TemplateLoader.findTemplateSource("spark/macros/recurse_nodes_en.ftl"): Not found
2022-05-30 11:11:16 DEBUG cache:45 - TemplateLoader.findTemplateSource("spark/macros/recurse_nodes.ftl"): Found
2022-05-30 11:11:16 DEBUG cache:45 - Loading template for "spark/macros/recurse_nodes.ftl"("en_US", UTF-8, parsed) from "jar:file:/C:/Users/User/.m2/repository/com/aventstack/extentreports/5.0.9/extentreports-5.0.9.jar!/com/aventstack/extentreports/templates/spark/macros/recurse_nodes.ftl"
2022-05-30 11:11:16 DEBUG cache:45 - "spark/macros/log.ftl"("en_US", UTF-8, parsed) cached copy not yet stale; using cached.
2022-05-30 11:11:16 DEBUG cache:45 - Couldn't find template in cache for "spark/macros/attr-common.ftl"("en_US", UTF-8, parsed); will try to load it.
2022-05-30 11:11:16 DEBUG cache:45 - TemplateLoader.findTemplateSource("spark/macros/attr-common_en_US.ftl"): Not found
2022-05-30 11:11:16 DEBUG cache:45 - TemplateLoader.findTemplateSource("spark/macros/attr-common_en.ftl"): Not found
2022-05-30 11:11:16 DEBUG cache:45 - TemplateLoader.findTemplateSource("spark/macros/attr-common.ftl"): Found
2022-05-30 11:11:16 DEBUG cache:45 - Loading template for "spark/macros/attr-common.ftl"("en_US", UTF-8, parsed) from "jar:file:/C:/Users/User/.m2/repository/com/aventstack/extentreports/5.0.9/extentreports-5.0.9.jar!/com/aventstack/extentreports/templates/spark/macros/attr-common.ftl"
2022-05-30 11:11:16 DEBUG cache:45 - Couldn't find template in cache for "spark/partials/head.ftl"("en_US", UTF-8, parsed); will try to load it.
2022-05-30 11:11:16 DEBUG cache:45 - TemplateLoader.findTemplateSource("spark/partials/head_en_US.ftl"): Not found
2022-05-30 11:11:16 DEBUG cache:45 - TemplateLoader.findTemplateSource("spark/partials/head_en.ftl"): Not found
2022-05-30 11:11:16 DEBUG cache:45 - TemplateLoader.findTemplateSource("spark/partials/head.ftl"): Found
2022-05-30 11:11:16 DEBUG cache:45 - Loading template for "spark/partials/head.ftl"("en_US", UTF-8, parsed) from "jar:file:/C:/Users/User/.m2/repository/com/aventstack/extentreports/5.0.9/extentreports-5.0.9.jar!/com/aventstack/extentreports/templates/spark/partials/head.ftl"
2022-05-30 11:11:16 DEBUG cache:45 - Couldn't find template in cache for "commons/commons-inject-css.ftl"("en_US", UTF-8, parsed); will try to load it.
2022-05-30 11:11:16 DEBUG cache:45 - TemplateLoader.findTemplateSource("commons/commons-inject-css_en_US.ftl"): Not found
2022-05-30 11:11:16 DEBUG cache:45 - TemplateLoader.findTemplateSource("commons/commons-inject-css_en.ftl"): Not found
2022-05-30 11:11:16 DEBUG cache:45 - TemplateLoader.findTemplateSource("commons/commons-inject-css.ftl"): Found
2022-05-30 11:11:16 DEBUG cache:45 - Loading template for "commons/commons-inject-css.ftl"("en_US", UTF-8, parsed) from "jar:file:/C:/Users/User/.m2/repository/com/aventstack/extentreports/5.0.9/extentreports-5.0.9.jar!/com/aventstack/extentreports/templates/commons/commons-inject-css.ftl"
2022-05-30 11:11:16 DEBUG cache:45 - Couldn't find template in cache for "spark/partials/navbar.ftl"("en_US", UTF-8, parsed); will try to load it.
2022-05-30 11:11:16 DEBUG cache:45 - TemplateLoader.findTemplateSource("spark/partials/navbar_en_US.ftl"): Not found
2022-05-30 11:11:16 DEBUG cache:45 - TemplateLoader.findTemplateSource("spark/partials/navbar_en.ftl"): Not found
2022-05-30 11:11:16 DEBUG cache:45 - TemplateLoader.findTemplateSource("spark/partials/navbar.ftl"): Found
2022-05-30 11:11:16 DEBUG cache:45 - Loading template for "spark/partials/navbar.ftl"("en_US", UTF-8, parsed) from "jar:file:/C:/Users/User/.m2/repository/com/aventstack/extentreports/5.0.9/extentreports-5.0.9.jar!/com/aventstack/extentreports/templates/spark/partials/navbar.ftl"
2022-05-30 11:11:16 DEBUG cache:45 - Couldn't find template in cache for "spark/partials/sidenav.ftl"("en_US", UTF-8, parsed); will try to load it.
2022-05-30 11:11:16 DEBUG cache:45 - TemplateLoader.findTemplateSource("spark/partials/sidenav_en_US.ftl"): Not found
2022-05-30 11:11:16 DEBUG cache:45 - TemplateLoader.findTemplateSource("spark/partials/sidenav_en.ftl"): Not found
2022-05-30 11:11:16 DEBUG cache:45 - TemplateLoader.findTemplateSource("spark/partials/sidenav.ftl"): Found
2022-05-30 11:11:16 DEBUG cache:45 - Loading template for "spark/partials/sidenav.ftl"("en_US", UTF-8, parsed) from "jar:file:/C:/Users/User/.m2/repository/com/aventstack/extentreports/5.0.9/extentreports-5.0.9.jar!/com/aventstack/extentreports/templates/spark/partials/sidenav.ftl"
2022-05-30 11:11:16 DEBUG cache:45 - Couldn't find template in cache for "spark/partials/test.ftl"("en_US", UTF-8, parsed); will try to load it.
2022-05-30 11:11:16 DEBUG cache:45 - TemplateLoader.findTemplateSource("spark/partials/test_en_US.ftl"): Not found
2022-05-30 11:11:16 DEBUG cache:45 - TemplateLoader.findTemplateSource("spark/partials/test_en.ftl"): Not found
2022-05-30 11:11:16 DEBUG cache:45 - TemplateLoader.findTemplateSource("spark/partials/test.ftl"): Found
2022-05-30 11:11:16 DEBUG cache:45 - Loading template for "spark/partials/test.ftl"("en_US", UTF-8, parsed) from "jar:file:/C:/Users/User/.m2/repository/com/aventstack/extentreports/5.0.9/extentreports-5.0.9.jar!/com/aventstack/extentreports/templates/spark/partials/test.ftl"
2022-05-30 11:11:16 DEBUG cache:45 - Couldn't find template in cache for "spark/partials/standard-content.ftl"("en_US", UTF-8, parsed); will try to load it.
2022-05-30 11:11:16 DEBUG cache:45 - TemplateLoader.findTemplateSource("spark/partials/standard-content_en_US.ftl"): Not found
2022-05-30 11:11:16 DEBUG cache:45 - TemplateLoader.findTemplateSource("spark/partials/standard-content_en.ftl"): Not found
2022-05-30 11:11:16 DEBUG cache:45 - TemplateLoader.findTemplateSource("spark/partials/standard-content.ftl"): Found
2022-05-30 11:11:16 DEBUG cache:45 - Loading template for "spark/partials/standard-content.ftl"("en_US", UTF-8, parsed) from "jar:file:/C:/Users/User/.m2/repository/com/aventstack/extentreports/5.0.9/extentreports-5.0.9.jar!/com/aventstack/extentreports/templates/spark/partials/standard-content.ftl"
2022-05-30 11:11:16 DEBUG cache:45 - "spark/partials/standard-content.ftl"("en_US", UTF-8, parsed) cached copy not yet stale; using cached.
2022-05-30 11:11:16 DEBUG cache:45 - "spark/partials/standard-content.ftl"("en_US", UTF-8, parsed) cached copy not yet stale; using cached.
2022-05-30 11:11:16 DEBUG cache:45 - "spark/partials/standard-content.ftl"("en_US", UTF-8, parsed) cached copy not yet stale; using cached.
2022-05-30 11:11:16 DEBUG cache:45 - "spark/partials/standard-content.ftl"("en_US", UTF-8, parsed) cached copy not yet stale; using cached.
2022-05-30 11:11:16 DEBUG cache:45 - "spark/partials/standard-content.ftl"("en_US", UTF-8, parsed) cached copy not yet stale; using cached.
2022-05-30 11:11:16 DEBUG cache:45 - "spark/partials/standard-content.ftl"("en_US", UTF-8, parsed) cached copy not yet stale; using cached.
2022-05-30 11:11:16 DEBUG cache:45 - "spark/partials/standard-content.ftl"("en_US", UTF-8, parsed) cached copy not yet stale; using cached.
2022-05-30 11:11:16 DEBUG cache:45 - "spark/partials/standard-content.ftl"("en_US", UTF-8, parsed) cached copy not yet stale; using cached.
2022-05-30 11:11:16 DEBUG cache:45 - Couldn't find template in cache for "spark/partials/exception.ftl"("en_US", UTF-8, parsed); will try to load it.
2022-05-30 11:11:16 DEBUG cache:45 - TemplateLoader.findTemplateSource("spark/partials/exception_en_US.ftl"): Not found
2022-05-30 11:11:16 DEBUG cache:45 - TemplateLoader.findTemplateSource("spark/partials/exception_en.ftl"): Not found
2022-05-30 11:11:16 DEBUG cache:45 - TemplateLoader.findTemplateSource("spark/partials/exception.ftl"): Found
2022-05-30 11:11:16 DEBUG cache:45 - Loading template for "spark/partials/exception.ftl"("en_US", UTF-8, parsed) from "jar:file:/C:/Users/User/.m2/repository/com/aventstack/extentreports/5.0.9/extentreports-5.0.9.jar!/com/aventstack/extentreports/templates/spark/partials/exception.ftl"
2022-05-30 11:11:16 DEBUG cache:45 - Couldn't find template in cache for "spark/partials/category.ftl"("en_US", UTF-8, parsed); will try to load it.
2022-05-30 11:11:16 DEBUG cache:45 - TemplateLoader.findTemplateSource("spark/partials/category_en_US.ftl"): Not found
2022-05-30 11:11:16 DEBUG cache:45 - TemplateLoader.findTemplateSource("spark/partials/category_en.ftl"): Not found
2022-05-30 11:11:16 DEBUG cache:45 - TemplateLoader.findTemplateSource("spark/partials/category.ftl"): Found
2022-05-30 11:11:16 DEBUG cache:45 - Loading template for "spark/partials/category.ftl"("en_US", UTF-8, parsed) from "jar:file:/C:/Users/User/.m2/repository/com/aventstack/extentreports/5.0.9/extentreports-5.0.9.jar!/com/aventstack/extentreports/templates/spark/partials/category.ftl"
2022-05-30 11:11:16 DEBUG cache:45 - Couldn't find template in cache for "spark/partials/device.ftl"("en_US", UTF-8, parsed); will try to load it.
2022-05-30 11:11:16 DEBUG cache:45 - TemplateLoader.findTemplateSource("spark/partials/device_en_US.ftl"): Not found
2022-05-30 11:11:16 DEBUG cache:45 - TemplateLoader.findTemplateSource("spark/partials/device_en.ftl"): Not found
2022-05-30 11:11:16 DEBUG cache:45 - TemplateLoader.findTemplateSource("spark/partials/device.ftl"): Found
2022-05-30 11:11:16 DEBUG cache:45 - Loading template for "spark/partials/device.ftl"("en_US", UTF-8, parsed) from "jar:file:/C:/Users/User/.m2/repository/com/aventstack/extentreports/5.0.9/extentreports-5.0.9.jar!/com/aventstack/extentreports/templates/spark/partials/device.ftl"
2022-05-30 11:11:16 DEBUG cache:45 - Couldn't find template in cache for "spark/partials/author.ftl"("en_US", UTF-8, parsed); will try to load it.
2022-05-30 11:11:16 DEBUG cache:45 - TemplateLoader.findTemplateSource("spark/partials/author_en_US.ftl"): Not found
2022-05-30 11:11:16 DEBUG cache:45 - TemplateLoader.findTemplateSource("spark/partials/author_en.ftl"): Not found
2022-05-30 11:11:16 DEBUG cache:45 - TemplateLoader.findTemplateSource("spark/partials/author.ftl"): Found
2022-05-30 11:11:16 DEBUG cache:45 - Loading template for "spark/partials/author.ftl"("en_US", UTF-8, parsed) from "jar:file:/C:/Users/User/.m2/repository/com/aventstack/extentreports/5.0.9/extentreports-5.0.9.jar!/com/aventstack/extentreports/templates/spark/partials/author.ftl"
2022-05-30 11:11:16 DEBUG cache:45 - Couldn't find template in cache for "spark/partials/log.ftl"("en_US", UTF-8, parsed); will try to load it.
2022-05-30 11:11:16 DEBUG cache:45 - TemplateLoader.findTemplateSource("spark/partials/log_en_US.ftl"): Not found
2022-05-30 11:11:16 DEBUG cache:45 - TemplateLoader.findTemplateSource("spark/partials/log_en.ftl"): Not found
2022-05-30 11:11:16 DEBUG cache:45 - TemplateLoader.findTemplateSource("spark/partials/log.ftl"): Found
2022-05-30 11:11:16 DEBUG cache:45 - Loading template for "spark/partials/log.ftl"("en_US", UTF-8, parsed) from "jar:file:/C:/Users/User/.m2/repository/com/aventstack/extentreports/5.0.9/extentreports-5.0.9.jar!/com/aventstack/extentreports/templates/spark/partials/log.ftl"
2022-05-30 11:11:16 DEBUG cache:45 - Couldn't find template in cache for "spark/partials/dashboard.ftl"("en_US", UTF-8, parsed); will try to load it.
2022-05-30 11:11:16 DEBUG cache:45 - TemplateLoader.findTemplateSource("spark/partials/dashboard_en_US.ftl"): Not found
2022-05-30 11:11:16 DEBUG cache:45 - TemplateLoader.findTemplateSource("spark/partials/dashboard_en.ftl"): Not found
2022-05-30 11:11:16 DEBUG cache:45 - TemplateLoader.findTemplateSource("spark/partials/dashboard.ftl"): Found
2022-05-30 11:11:16 DEBUG cache:45 - Loading template for "spark/partials/dashboard.ftl"("en_US", UTF-8, parsed) from "jar:file:/C:/Users/User/.m2/repository/com/aventstack/extentreports/5.0.9/extentreports-5.0.9.jar!/com/aventstack/extentreports/templates/spark/partials/dashboard.ftl"
2022-05-30 11:11:16 DEBUG cache:45 - Couldn't find template in cache for "spark/partials/scripts.ftl"("en_US", UTF-8, parsed); will try to load it.
2022-05-30 11:11:16 DEBUG cache:45 - TemplateLoader.findTemplateSource("spark/partials/scripts_en_US.ftl"): Not found
2022-05-30 11:11:16 DEBUG cache:45 - TemplateLoader.findTemplateSource("spark/partials/scripts_en.ftl"): Not found
2022-05-30 11:11:16 DEBUG cache:45 - TemplateLoader.findTemplateSource("spark/partials/scripts.ftl"): Found
2022-05-30 11:11:16 DEBUG cache:45 - Loading template for "spark/partials/scripts.ftl"("en_US", UTF-8, parsed) from "jar:file:/C:/Users/User/.m2/repository/com/aventstack/extentreports/5.0.9/extentreports-5.0.9.jar!/com/aventstack/extentreports/templates/spark/partials/scripts.ftl"
2022-05-30 11:11:16 DEBUG cache:45 - Couldn't find template in cache for "commons/commons-inject-js.ftl"("en_US", UTF-8, parsed); will try to load it.
2022-05-30 11:11:16 DEBUG cache:45 - TemplateLoader.findTemplateSource("commons/commons-inject-js_en_US.ftl"): Not found
2022-05-30 11:11:16 DEBUG cache:45 - TemplateLoader.findTemplateSource("commons/commons-inject-js_en.ftl"): Not found
2022-05-30 11:11:16 DEBUG cache:45 - TemplateLoader.findTemplateSource("commons/commons-inject-js.ftl"): Found
2022-05-30 11:11:16 DEBUG cache:45 - Loading template for "commons/commons-inject-js.ftl"("en_US", UTF-8, parsed) from "jar:file:/C:/Users/User/.m2/repository/com/aventstack/extentreports/5.0.9/extentreports-5.0.9.jar!/com/aventstack/extentreports/templates/commons/commons-inject-js.ftl"
2022-05-30 12:21:40 INFO  Log:22 - Open Browser :chrome
2022-05-30 12:21:41 INFO  Log:22 - browser maximised
2022-05-30 12:21:55 INFO  Log:22 - getting url :http://automationpractice.com/index.php
2022-05-30 12:25:00 INFO  Log:22 - Open Browser :chrome
2022-05-30 12:25:00 INFO  Log:22 - browser maximised
2022-05-30 12:25:01 INFO  Log:22 - Open Browser :IE
2022-05-30 12:25:01 INFO  Log:22 - browser maximised
2022-05-30 12:25:40 INFO  Log:22 - Open Browser :firefox
2022-05-30 12:25:40 INFO  Log:22 - browser maximised
2022-05-30 12:25:58 INFO  Log:22 - getting url :http://automationpractice.com/index.php
2022-05-30 12:26:21 INFO  Log:22 - Open Browser :firefox
2022-05-30 12:26:21 INFO  Log:22 - browser maximised
2022-05-30 12:26:41 INFO  Log:22 - getting url :http://automationpractice.com/index.php
